<?xml version="1.0" encoding="UTF-8"?>
<Site BuildName="(empty)"
	BuildStamp="20240207-2339-Experimental"
	Name="(empty)"
	Generator="ctest-3.16.3"
	CompilerName=""
	CompilerVersion=""
	OSName="Linux"
	Hostname="MBLaptop"
	OSRelease="5.15.133.1-microsoft-standard-WSL2"
	OSVersion="#1 SMP Thu Oct 5 21:02:42 UTC 2023"
	OSPlatform="x86_64"
	Is64Bits="1"
	VendorString="GenuineIntel"
	VendorID="Intel Corporation"
	FamilyID="6"
	ModelID="154"
	ProcessorCacheSize="24576"
	NumberOfLogicalCPU="20"
	NumberOfPhysicalCPU="10"
	TotalVirtualMemory="4096"
	TotalPhysicalMemory="15838"
	LogicalProcessorsPerPhysical="2"
	ProcessorClockFrequency="2688"
	>
	<Testing>
		<StartDateTime>Feb 07 18:39 EST</StartDateTime>
		<StartTestTime>1707349177</StartTestTime>
		<TestList/>
		<EndDateTime>Feb 07 18:39 EST</EndDateTime>
		<EndTestTime>1707349177</EndTestTime>
		<ElapsedMinutes>0</ElapsedMinutes>
	</Testing>
</Site>
